<?xml version="1.0" encoding="UTF-8"?>
<!-- Generated by org.testng.reporters.JUnitReportReporter -->
<testsuite hostname="MBP-Alaa" failures="0" tests="4" name="Login" time="14.256" errors="0" timestamp="2022-06-26T20:14:53 EET" skipped="0">
  <testcase classname="Login" name="LoginUserWithIncorrectEmailAndPassword" time="1.161"/>
  <system-out/>
  <testcase classname="Login" name="LoginUserWithIncorrectEmailAndPassword" time="1.705"/>
  <system-out/>
  <testcase classname="Login" name="LoginUserWithCorrectEmailAndPassword" time="6.273"/>
  <system-out/>
  <testcase classname="Login" name="LoginUserWithCorrectEmailAndPassword" time="5.117"/>
  <system-out/>
</testsuite> <!-- Login -->
