<?xml version="1.0" encoding="UTF-8"?>
<!-- Generated by org.testng.reporters.JUnitReportReporter -->
<testsuite hostname="MBP-Alaa" failures="0" tests="2" name="RegistrationUser" time="38.453" errors="0" timestamp="2022-04-24T17:42:01 EET" skipped="0">
  <testcase classname="RegistrationUser" name="RegisterUser" time="23.745"/>
  <system-out/>
  <testcase classname="RegistrationUser" name="registerUserWithExistingEmail" time="14.708"/>
  <system-out/>
</testsuite> <!-- RegistrationUser -->
