<?xml version="1.0" encoding="UTF-8"?>
<!-- Generated by org.testng.reporters.JUnitReportReporter -->
<testsuite hostname="MBP-Alaa" failures="0" tests="2" name="RegistrationUser" time="20.359" errors="0" timestamp="2022-06-26T20:14:53 EET" skipped="0">
  <testcase classname="RegistrationUser" name="RegisterUserWithExistingEmail" time="1.559"/>
  <system-out/>
  <testcase classname="RegistrationUser" name="RegisterNewUser" time="18.800"/>
  <system-out/>
</testsuite> <!-- RegistrationUser -->
