<?xml version="1.0" encoding="UTF-8"?>
<!-- Generated by org.testng.reporters.JUnitReportReporter -->
<testsuite hostname="MBP-Alaa" failures="0" tests="5" name="ProductsDeals" time="167.872" errors="0" timestamp="2022-06-26T20:14:53 EET" skipped="0">
  <testcase classname="ProductsDeals" name="VerifyAllProductsAndProductDetailPage" time="18.344"/>
  <system-out/>
  <testcase classname="ProductsDeals" name="PlaceOrderRegisterWhileCheckout" time="56.782"/>
  <system-out/>
  <testcase classname="ProductsDeals" name="VerifyAddProductsInCart" time="39.549"/>
  <system-out/>
  <testcase classname="ProductsDeals" name="PlaceOrderLoginBeforeCheckout" time="34.411"/>
  <system-out/>
  <testcase classname="ProductsDeals" name="VerifyProductQuantityInCart" time="18.786"/>
  <system-out/>
</testsuite> <!-- ProductsDeals -->
