<?xml version="1.0" encoding="UTF-8"?>
<!-- Generated by org.testng.reporters.JUnitReportReporter -->
<testsuite hostname="MBP-Alaa" failures="0" tests="1" name="ContactUsForm" time="3.346" errors="0" timestamp="2022-06-26T20:14:53 EET" skipped="0">
  <testcase classname="ContactUsForm" name="ContactUs" time="3.346"/>
  <system-out/>
</testsuite> <!-- ContactUsForm -->
